<?xml version="1.0" encoding="UTF-8"?>
<testsuites name="SecondTest" time="15" tests="1" failures="0" errors="0">
   <testsuite name="SecondTest" tests="1" failures="0" errors="0" time="15" timestamp="2018-05-08 12:27:32" hostname="root - e2cbb5cb8573" id="Test Suites/SecondTest">
      <properties>
         <property name="deviceName" value=""/>
         <property name="devicePlatform" value=""/>
         <property name="logFolder" value="/katalon/katalon/project/Reports/SecondTest/20180508_122731"/>
         <property name="logFiles" value="/katalon/katalon/project/Reports/SecondTest/20180508_122731/execution0.log"/>
         <property name="attachments" value=""/>
         <property name="hostName" value="root - e2cbb5cb8573"/>
         <property name="os" value="Linux 64bit"/>
         <property name="katalonVersion" value="5.3.1.1"/>
         <property name="browser" value="Chrome 64.0.3282.186"/>
         <property name="hostAddress" value="172.17.0.2"/>
         <property name="sessionId" value="bccc3f073fe7299d2202d2401bfb5ace"/>
         <property name="seleniumVersion" value="3.7.1"/>
         <property name="proxyInformation" value="ProxyInformation{proxyOption=NO_PROXY, proxyServerType=HTTP, password=, proxyServerAddress=, proxyServerPort=0}"/>
         <property name="platform" value="Linux"/>
      </properties>
      <testcase name="Test Cases/UITest" classname="Test Cases/UITest" status="PASSED">
         <system-out><![CDATA[2018-05-08 12:27:33 - [TEST_CASE][PASSED] - Test Cases/UITest: Test Cases/UITest

2018-05-08 12:27:33 - [TEST_STEP][PASSED] - openBrowser: Browser is opened with url: ''

2018-05-08 12:27:36 - [MESSAGE][PASSED] - Browser is opened with url: ''

2018-05-08 12:27:36 - [TEST_STEP][PASSED] - navigateToUrl: Navigate to 'https://www.tesco.com/' successfully

2018-05-08 12:27:39 - [MESSAGE][PASSED] - Navigate to 'https://www.tesco.com/' successfully

2018-05-08 12:27:39 - [TEST_STEP][PASSED] - click: Object: 'Object Repository/Page_Tesco - Online Groceries Homew/a_Groceries' is clicked on

2018-05-08 12:27:40 - [MESSAGE][PASSED] - Object: 'Object Repository/Page_Tesco - Online Groceries Homew/a_Groceries' is clicked on

2018-05-08 12:27:40 - [TEST_STEP][PASSED] - click: Object: 'Object Repository/Page_Tesco - Online Groceries Homew/span_Shop groceries' is clicked on

2018-05-08 12:27:43 - [MESSAGE][PASSED] - Object: 'Object Repository/Page_Tesco - Online Groceries Homew/span_Shop groceries' is clicked on

2018-05-08 12:27:43 - [TEST_STEP][PASSED] - click: Object: 'Object Repository/Page_Tesco Groceries  Online Food S/span_ShopFresh Fooddepartment' is clicked on

2018-05-08 12:27:44 - [MESSAGE][PASSED] - Object: 'Object Repository/Page_Tesco Groceries  Online Food S/span_ShopFresh Fooddepartment' is clicked on

2018-05-08 12:27:44 - [TEST_STEP][PASSED] - click: Object: 'Object Repository/Page_Tesco Groceries  Online Food S/span_ShopFresh Fruitaisle' is clicked on

2018-05-08 12:27:44 - [MESSAGE][PASSED] - Object: 'Object Repository/Page_Tesco Groceries  Online Food S/span_ShopFresh Fruitaisle' is clicked on

2018-05-08 12:27:45 - [TEST_STEP][PASSED] - click: Object: 'Object Repository/Page_Tesco Groceries  Online Food S/span_ShopBananasshelf' is clicked on

2018-05-08 12:27:45 - [MESSAGE][PASSED] - Object: 'Object Repository/Page_Tesco Groceries  Online Food S/span_ShopBananasshelf' is clicked on

2018-05-08 12:27:45 - [TEST_STEP][PASSED] - click: Object: 'Object Repository/Page_Bananas/span_Add' is clicked on

2018-05-08 12:27:47 - [MESSAGE][PASSED] - Object: 'Object Repository/Page_Bananas/span_Add' is clicked on

2018-05-08 12:27:47 - [TEST_STEP][PASSED] - closeBrowser: Browser is closed

2018-05-08 12:27:48 - [MESSAGE][PASSED] - Browser is closed]]></system-out>
         <system-err><![CDATA[]]></system-err>
      </testcase>
      <system-out><![CDATA[2018-05-08 12:27:32 - [TEST_SUITE][PASSED] - SecondTest: Test Cases/UITest]]></system-out>
      <system-err><![CDATA[]]></system-err>
   </testsuite>
</testsuites>
