<?xml version="1.0" encoding="UTF-8"?>
<testsuites name="firstTest" time="15" tests="1" failures="0" errors="0">
   <testsuite name="firstTest" tests="1" failures="0" errors="0" time="15" timestamp="2018-04-29 19:56:28" hostname="root - 23ec4bb48fce" id="Test Suites/firstTest">
      <properties>
         <property name="deviceName" value=""/>
         <property name="devicePlatform" value=""/>
         <property name="logFolder" value="/katalon/katalon/project/Reports/firstTest/20180429_195627"/>
         <property name="logFiles" value="/katalon/katalon/project/Reports/firstTest/20180429_195627/execution0.log"/>
         <property name="attachments" value=""/>
         <property name="hostName" value="root - 23ec4bb48fce"/>
         <property name="os" value="Linux 64bit"/>
         <property name="katalonVersion" value="5.3.1.1"/>
         <property name="browser" value="Chrome 64.0.3282.186"/>
         <property name="hostAddress" value="172.17.0.2"/>
         <property name="sessionId" value="b9236c125ff94d4b25fc8466eb561510"/>
         <property name="seleniumVersion" value="3.7.1"/>
         <property name="proxyInformation" value="ProxyInformation{proxyOption=NO_PROXY, proxyServerType=HTTP, password=, proxyServerAddress=, proxyServerPort=0}"/>
         <property name="platform" value="Linux"/>
      </properties>
      <testcase name="Test Cases/Tesco-Test" classname="Test Cases/Tesco-Test" status="PASSED">
         <system-out><![CDATA[2018-04-29 19:56:29 - [TEST_CASE][PASSED] - Test Cases/Tesco-Test: Test Cases/Tesco-Test

2018-04-29 19:56:30 - [TEST_STEP][PASSED] - openBrowser: Browser is opened with url: ''

2018-04-29 19:56:32 - [MESSAGE][PASSED] - Browser is opened with url: ''

2018-04-29 19:56:32 - [TEST_STEP][PASSED] - navigateToUrl: Navigate to 'https://www.tesco.com/' successfully

2018-04-29 19:56:36 - [MESSAGE][PASSED] - Navigate to 'https://www.tesco.com/' successfully

2018-04-29 19:56:36 - [TEST_STEP][PASSED] - click: Object: 'Object Repository/Page_Tesco - Online Groceries Homew/a_Groceries' is clicked on

2018-04-29 19:56:36 - [MESSAGE][PASSED] - Object: 'Object Repository/Page_Tesco - Online Groceries Homew/a_Groceries' is clicked on

2018-04-29 19:56:36 - [TEST_STEP][PASSED] - click: Object: 'Object Repository/Page_Tesco - Online Groceries Homew/span_Shop groceries' is clicked on

2018-04-29 19:56:40 - [MESSAGE][PASSED] - Object: 'Object Repository/Page_Tesco - Online Groceries Homew/span_Shop groceries' is clicked on

2018-04-29 19:56:40 - [TEST_STEP][PASSED] - setText: Text 'milk' is set on object 'Object Repository/Page_Tesco Groceries  Online Food S/input_query'

2018-04-29 19:56:40 - [MESSAGE][PASSED] - Text 'milk' is set on object 'Object Repository/Page_Tesco Groceries  Online Food S/input_query'

2018-04-29 19:56:40 - [TEST_STEP][PASSED] - click: Object: 'Object Repository/Page_Tesco Groceries  Online Food S/button_Search' is clicked on

2018-04-29 19:56:41 - [MESSAGE][PASSED] - Object: 'Object Repository/Page_Tesco Groceries  Online Food S/button_Search' is clicked on

2018-04-29 19:56:41 - [TEST_STEP][PASSED] - click: Object: 'Object Repository/Page_Results for milk/span_Add' is clicked on

2018-04-29 19:56:44 - [MESSAGE][PASSED] - Object: 'Object Repository/Page_Results for milk/span_Add' is clicked on

2018-04-29 19:56:44 - [TEST_STEP][PASSED] - closeBrowser: Browser is closed

2018-04-29 19:56:44 - [MESSAGE][PASSED] - Browser is closed]]></system-out>
         <system-err><![CDATA[]]></system-err>
      </testcase>
      <system-out><![CDATA[2018-04-29 19:56:28 - [TEST_SUITE][PASSED] - firstTest: Test Cases/Tesco-Test]]></system-out>
      <system-err><![CDATA[]]></system-err>
   </testsuite>
</testsuites>
