<?xml version="1.0" encoding="UTF-8"?>
<testsuites name="FirstTest" time="15" tests="0" failures="2" errors="0">
   <testsuite name="FirstTest" tests="0" failures="2" errors="0" time="15" timestamp="2018-04-29 15:44:48" hostname="root - 869903844f47" id="Test Suites/FirstTest">
      <properties>
         <property name="deviceName" value=""/>
         <property name="devicePlatform" value=""/>
         <property name="logFolder" value="/katalon/katalon/project/Reports/FirstTest/20180429_154445"/>
         <property name="logFiles" value="/katalon/katalon/project/Reports/FirstTest/20180429_154445/execution0.log"/>
         <property name="attachments" value="/katalon/katalon/project/Reports/FirstTest/20180429_154445/1525016697905.png, /katalon/katalon/project/Reports/FirstTest/20180429_154445/1525016703503.png"/>
         <property name="hostName" value="root - 869903844f47"/>
         <property name="os" value="Linux 64bit"/>
         <property name="katalonVersion" value="5.3.1.1"/>
         <property name="browser" value="Chrome 64.0.3282.186"/>
         <property name="hostAddress" value="172.17.0.2"/>
         <property name="sessionId" value="b3c0669cccb9d366d7ae04456027c947"/>
         <property name="seleniumVersion" value="3.7.1"/>
         <property name="proxyInformation" value="ProxyInformation{proxyOption=NO_PROXY, proxyServerType=HTTP, password=, proxyServerAddress=, proxyServerPort=0}"/>
         <property name="platform" value="Linux"/>
      </properties>
      <testcase name="Test Cases/basic-test" classname="Test Cases/basic-test" status="FAILED">
         <failure type="FAILED" message="Unable to click on object (Root cause: java.lang.IllegalArgumentException: Object is null)"/>
         <system-out><![CDATA[2018-04-29 15:44:49 - [TEST_CASE][FAILED] - Test Cases/basic-test: Test Cases/basic-test FAILED because (of) Unable to click on object (Root cause: java.lang.IllegalArgumentException: Object is null)

2018-04-29 15:44:49 - [TEST_STEP][PASSED] - openBrowser: Browser is opened with url: ''

2018-04-29 15:44:55 - [MESSAGE][PASSED] - Browser is opened with url: ''

2018-04-29 15:44:55 - [TEST_STEP][PASSED] - navigateToUrl: Navigate to 'https://shashwatdalal.github.io/' successfully

2018-04-29 15:44:57 - [MESSAGE][PASSED] - Navigate to 'https://shashwatdalal.github.io/' successfully

2018-04-29 15:44:57 - [TEST_STEP][FAILED] - click: Unable to click on object (Root cause: java.lang.IllegalArgumentException: Object is null)

2018-04-29 15:44:57 - [MESSAGE][WARNING] - Test object with id 'Object Repository/Page_Shashwat Dalal/a_LinkedIn' does not exist

2018-04-29 15:44:57 - [MESSAGE][WARNING] - Test object with id 'Object Repository/' does not exist

2018-04-29 15:44:58 - [MESSAGE][FAILED] - Unable to click on object (Root cause: java.lang.IllegalArgumentException: Object is null)
[[ATTACHMENT|/katalon/katalon/project/Reports/FirstTest/20180429_154445/1525016697905.png]]]]></system-out>
         <system-err><![CDATA[2018-04-29 15:44:49 - [TEST_CASE][FAILED] - Test Cases/basic-test: Test Cases/basic-test FAILED because (of) Unable to click on object (Root cause: java.lang.IllegalArgumentException: Object is null)]]></system-err>
      </testcase>
      <testcase name="Test Cases/form-test" classname="Test Cases/form-test" status="FAILED">
         <failure type="FAILED" message="Unable to double click on object (Root cause: java.lang.IllegalArgumentException: Object is null)"/>
         <system-out><![CDATA[2018-04-29 15:44:58 - [TEST_CASE][FAILED] - Test Cases/form-test: Test Cases/form-test FAILED because (of) Unable to double click on object (Root cause: java.lang.IllegalArgumentException: Object is null)

2018-04-29 15:44:58 - [TEST_STEP][PASSED] - openBrowser: Browser is opened with url: ''

2018-04-29 15:44:58 - [MESSAGE][WARNING] - A browser is already opened. Closing browser and opening a new one

2018-04-29 15:44:59 - [MESSAGE][PASSED] - Browser is opened with url: ''

2018-04-29 15:44:59 - [TEST_STEP][PASSED] - navigateToUrl: Navigate to 'https://www.w3schools.com/html/html_forms.asp' successfully

2018-04-29 15:45:03 - [MESSAGE][PASSED] - Navigate to 'https://www.w3schools.com/html/html_forms.asp' successfully

2018-04-29 15:45:03 - [TEST_STEP][FAILED] - doubleClick: Unable to double click on object (Root cause: java.lang.IllegalArgumentException: Object is null)

2018-04-29 15:45:03 - [MESSAGE][WARNING] - Test object with id 'Object Repository/Page_HTML Forms/input_firstname' does not exist

2018-04-29 15:45:03 - [MESSAGE][WARNING] - Test object with id 'Object Repository/' does not exist

2018-04-29 15:45:03 - [MESSAGE][FAILED] - Unable to double click on object (Root cause: java.lang.IllegalArgumentException: Object is null)
[[ATTACHMENT|/katalon/katalon/project/Reports/FirstTest/20180429_154445/1525016703503.png]]]]></system-out>
         <system-err><![CDATA[2018-04-29 15:44:58 - [TEST_CASE][FAILED] - Test Cases/form-test: Test Cases/form-test FAILED because (of) Unable to double click on object (Root cause: java.lang.IllegalArgumentException: Object is null)]]></system-err>
      </testcase>
      <system-out><![CDATA[2018-04-29 15:44:48 - [TEST_SUITE][FAILED] - FirstTest: Test Cases/basic-test FAILED because (of) Unable to click on object (Root cause: java.lang.IllegalArgumentException: Object is null)]]></system-out>
      <system-err><![CDATA[2018-04-29 15:44:48 - [TEST_SUITE][FAILED] - FirstTest: Test Cases/basic-test FAILED because (of) Unable to click on object (Root cause: java.lang.IllegalArgumentException: Object is null)]]></system-err>
   </testsuite>
</testsuites>
