<?xml version="1.0" encoding="UTF-8"?>
<testsuites name="firstTest" time="4" tests="0" failures="1" errors="0">
   <testsuite name="firstTest" tests="0" failures="1" errors="0" time="4" timestamp="2018-04-29 20:51:37" hostname="shashwatdalal - 69.172.201.153" id="Test Suites/firstTest">
      <properties>
         <property name="deviceName" value=""/>
         <property name="devicePlatform" value=""/>
         <property name="logFolder" value="/Users/shashwatdalal/Documents/go/src/go-ci-test/tests/integration-tests/Reports/firstTest/20180429_205130"/>
         <property name="logFiles" value="/Users/shashwatdalal/Documents/go/src/go-ci-test/tests/integration-tests/Reports/firstTest/20180429_205130/execution0.log"/>
         <property name="attachments" value=""/>
         <property name="hostName" value="shashwatdalal - 69.172.201.153"/>
         <property name="hostAddress" value="69.172.201.153"/>
         <property name="os" value="Mac OS X 64bit"/>
         <property name="katalonVersion" value="5.4.1.1"/>
      </properties>
      <testcase name="Test Cases/Tesco-Test" classname="Test Cases/Tesco-Test" status="FAILED">
         <failure type="FAILED" message="Unable to open browser with url: '' (Root cause: org.openqa.selenium.WebDriverException: Cannot find firefox binary in PATH. Make sure firefox is installed. OS appears to be: MAC
Build info: version: '3.7.1', revision: '8a0099a', time: '2017-11-06T21:07:36.161Z'
System info: host: 'shash.com', ip: 'fe80:0:0:0:10b9:98f3:9afe:a6f9%en0', os.name: 'Mac OS X', os.arch: 'x86_64', os.version: '10.13.4', java.version: '1.8.0_102'
Driver info: driver.version: unknown)"/>
         <system-out><![CDATA[2018-04-29 20:51:39 - [TEST_CASE][FAILED] - Test Cases/Tesco-Test: Test Cases/Tesco-Test FAILED because (of) Unable to open browser with url: '' (Root cause: org.openqa.selenium.WebDriverException: Cannot find firefox binary in PATH. Make sure firefox is installed. OS appears to be: MAC
Build info: version: '3.7.1', revision: '8a0099a', time: '2017-11-06T21:07:36.161Z'
System info: host: 'shash.com', ip: 'fe80:0:0:0:10b9:98f3:9afe:a6f9%en0', os.name: 'Mac OS X', os.arch: 'x86_64', os.version: '10.13.4', java.version: '1.8.0_102'
Driver info: driver.version: unknown)

2018-04-29 20:51:40 - [TEST_STEP][FAILED] - openBrowser: Unable to open browser with url: '' (Root cause: org.openqa.selenium.WebDriverException: Cannot find firefox binary in PATH. Make sure firefox is installed. OS appears to be: MAC
Build info: version: '3.7.1', revision: '8a0099a', time: '2017-11-06T21:07:36.161Z'
System info: host: 'shash.com', ip: 'fe80:0:0:0:10b9:98f3:9afe:a6f9%en0', os.name: 'Mac OS X', os.arch: 'x86_64', os.version: '10.13.4', java.version: '1.8.0_102'
Driver info: driver.version: unknown)

2018-04-29 20:51:42 - [MESSAGE][FAILED] - Unable to open browser with url: '' (Root cause: org.openqa.selenium.WebDriverException: Cannot find firefox binary in PATH. Make sure firefox is installed. OS appears to be: MAC
Build info: version: '3.7.1', revision: '8a0099a', time: '2017-11-06T21:07:36.161Z'
System info: host: 'shash.com', ip: 'fe80:0:0:0:10b9:98f3:9afe:a6f9%en0', os.name: 'Mac OS X', os.arch: 'x86_64', os.version: '10.13.4', java.version: '1.8.0_102'
Driver info: driver.version: unknown)]]></system-out>
         <system-err><![CDATA[2018-04-29 20:51:39 - [TEST_CASE][FAILED] - Test Cases/Tesco-Test: Test Cases/Tesco-Test FAILED because (of) Unable to open browser with url: '' (Root cause: org.openqa.selenium.WebDriverException: Cannot find firefox binary in PATH. Make sure firefox is installed. OS appears to be: MAC
Build info: version: '3.7.1', revision: '8a0099a', time: '2017-11-06T21:07:36.161Z'
System info: host: 'shash.com', ip: 'fe80:0:0:0:10b9:98f3:9afe:a6f9%en0', os.name: 'Mac OS X', os.arch: 'x86_64', os.version: '10.13.4', java.version: '1.8.0_102'
Driver info: driver.version: unknown)]]></system-err>
      </testcase>
      <system-out><![CDATA[2018-04-29 20:51:37 - [TEST_SUITE][FAILED] - firstTest: Test Cases/Tesco-Test FAILED because (of) Unable to open browser with url: '' (Root cause: org.openqa.selenium.WebDriverException: Cannot find firefox binary in PATH. Make sure firefox is installed. OS appears to be: MAC
Build info: version: '3.7.1', revision: '8a0099a', time: '2017-11-06T21:07:36.161Z'
System info: host: 'shash.com', ip: 'fe80:0:0:0:10b9:98f3:9afe:a6f9%en0', os.name: 'Mac OS X', os.arch: 'x86_64', os.version: '10.13.4', java.version: '1.8.0_102'
Driver info: driver.version: unknown)]]></system-out>
      <system-err><![CDATA[2018-04-29 20:51:37 - [TEST_SUITE][FAILED] - firstTest: Test Cases/Tesco-Test FAILED because (of) Unable to open browser with url: '' (Root cause: org.openqa.selenium.WebDriverException: Cannot find firefox binary in PATH. Make sure firefox is installed. OS appears to be: MAC
Build info: version: '3.7.1', revision: '8a0099a', time: '2017-11-06T21:07:36.161Z'
System info: host: 'shash.com', ip: 'fe80:0:0:0:10b9:98f3:9afe:a6f9%en0', os.name: 'Mac OS X', os.arch: 'x86_64', os.version: '10.13.4', java.version: '1.8.0_102'
Driver info: driver.version: unknown)]]></system-err>
   </testsuite>
</testsuites>
