<?xml version="1.0" encoding="UTF-8"?>
<testsuites name="core-ui" time="2" tests="0" failures="1" errors="0">
   <testsuite name="core-ui" tests="0" failures="1" errors="0" time="2" timestamp="2018-05-31 22:15:49" hostname="shashwatdalal - 69.172.201.153" id="Test Suites/core-ui">
      <properties>
         <property name="deviceName" value=""/>
         <property name="devicePlatform" value=""/>
         <property name="logFolder" value="/Users/shashwatdalal/Documents/UI/webapp-ui-tests/Reports/core-ui/20180531_221528"/>
         <property name="logFiles" value="/Users/shashwatdalal/Documents/UI/webapp-ui-tests/Reports/core-ui/20180531_221528/execution0.log"/>
         <property name="attachments" value=""/>
         <property name="hostName" value="shashwatdalal - 69.172.201.153"/>
         <property name="hostAddress" value="69.172.201.153"/>
         <property name="os" value="Mac OS X 64bit"/>
         <property name="katalonVersion" value="5.4.1.1"/>
      </properties>
      <testcase name="Test Cases/basic-navigation" classname="Test Cases/basic-navigation" status="FAILED">
         <failure type="FAILED" message="Unable to open browser with url: '' (Root cause: org.openqa.selenium.WebDriverException: Cannot find firefox binary in PATH. Make sure firefox is installed. OS appears to be: MAC
Build info: version: '3.7.1', revision: '8a0099a', time: '2017-11-06T21:07:36.161Z'
System info: host: 'shash.com', ip: '2a0c:5bc0:40:2e33:cce9:10a4:cfcd:e69', os.name: 'Mac OS X', os.arch: 'x86_64', os.version: '10.13.4', java.version: '1.8.0_102'
Driver info: driver.version: unknown)"/>
         <system-out><![CDATA[2018-05-31 22:15:49 - [TEST_CASE][FAILED] - Test Cases/basic-navigation: Test Cases/basic-navigation FAILED because (of) Unable to open browser with url: '' (Root cause: org.openqa.selenium.WebDriverException: Cannot find firefox binary in PATH. Make sure firefox is installed. OS appears to be: MAC
Build info: version: '3.7.1', revision: '8a0099a', time: '2017-11-06T21:07:36.161Z'
System info: host: 'shash.com', ip: '2a0c:5bc0:40:2e33:cce9:10a4:cfcd:e69', os.name: 'Mac OS X', os.arch: 'x86_64', os.version: '10.13.4', java.version: '1.8.0_102'
Driver info: driver.version: unknown)

2018-05-31 22:15:50 - [TEST_STEP][FAILED] - openBrowser: Unable to open browser with url: '' (Root cause: org.openqa.selenium.WebDriverException: Cannot find firefox binary in PATH. Make sure firefox is installed. OS appears to be: MAC
Build info: version: '3.7.1', revision: '8a0099a', time: '2017-11-06T21:07:36.161Z'
System info: host: 'shash.com', ip: '2a0c:5bc0:40:2e33:cce9:10a4:cfcd:e69', os.name: 'Mac OS X', os.arch: 'x86_64', os.version: '10.13.4', java.version: '1.8.0_102'
Driver info: driver.version: unknown)

2018-05-31 22:15:51 - [MESSAGE][FAILED] - Unable to open browser with url: '' (Root cause: org.openqa.selenium.WebDriverException: Cannot find firefox binary in PATH. Make sure firefox is installed. OS appears to be: MAC
Build info: version: '3.7.1', revision: '8a0099a', time: '2017-11-06T21:07:36.161Z'
System info: host: 'shash.com', ip: '2a0c:5bc0:40:2e33:cce9:10a4:cfcd:e69', os.name: 'Mac OS X', os.arch: 'x86_64', os.version: '10.13.4', java.version: '1.8.0_102'
Driver info: driver.version: unknown)]]></system-out>
         <system-err><![CDATA[2018-05-31 22:15:49 - [TEST_CASE][FAILED] - Test Cases/basic-navigation: Test Cases/basic-navigation FAILED because (of) Unable to open browser with url: '' (Root cause: org.openqa.selenium.WebDriverException: Cannot find firefox binary in PATH. Make sure firefox is installed. OS appears to be: MAC
Build info: version: '3.7.1', revision: '8a0099a', time: '2017-11-06T21:07:36.161Z'
System info: host: 'shash.com', ip: '2a0c:5bc0:40:2e33:cce9:10a4:cfcd:e69', os.name: 'Mac OS X', os.arch: 'x86_64', os.version: '10.13.4', java.version: '1.8.0_102'
Driver info: driver.version: unknown)]]></system-err>
      </testcase>
      <system-out><![CDATA[2018-05-31 22:15:49 - [TEST_SUITE][FAILED] - core-ui: Test Cases/basic-navigation FAILED because (of) Unable to open browser with url: '' (Root cause: org.openqa.selenium.WebDriverException: Cannot find firefox binary in PATH. Make sure firefox is installed. OS appears to be: MAC
Build info: version: '3.7.1', revision: '8a0099a', time: '2017-11-06T21:07:36.161Z'
System info: host: 'shash.com', ip: '2a0c:5bc0:40:2e33:cce9:10a4:cfcd:e69', os.name: 'Mac OS X', os.arch: 'x86_64', os.version: '10.13.4', java.version: '1.8.0_102'
Driver info: driver.version: unknown)]]></system-out>
      <system-err><![CDATA[2018-05-31 22:15:49 - [TEST_SUITE][FAILED] - core-ui: Test Cases/basic-navigation FAILED because (of) Unable to open browser with url: '' (Root cause: org.openqa.selenium.WebDriverException: Cannot find firefox binary in PATH. Make sure firefox is installed. OS appears to be: MAC
Build info: version: '3.7.1', revision: '8a0099a', time: '2017-11-06T21:07:36.161Z'
System info: host: 'shash.com', ip: '2a0c:5bc0:40:2e33:cce9:10a4:cfcd:e69', os.name: 'Mac OS X', os.arch: 'x86_64', os.version: '10.13.4', java.version: '1.8.0_102'
Driver info: driver.version: unknown)]]></system-err>
   </testsuite>
</testsuites>
