<?xml version="1.0" encoding="UTF-8"?>
<testsuites name="UI-Tests" time="17" tests="1" failures="0" errors="0">
   <testsuite name="UI-Tests" tests="1" failures="0" errors="0" time="17" timestamp="2018-05-28 11:28:55" hostname="shashwatdalal - 69.172.201.153" id="Test Suites/UI-Tests">
      <properties>
         <property name="deviceName" value=""/>
         <property name="devicePlatform" value=""/>
         <property name="logFolder" value="/Users/shashwatdalal/Documents/go/src/go-ci-test/tests/ui-tests/Reports/UI-Tests/20180528_112834"/>
         <property name="logFiles" value="/Users/shashwatdalal/Documents/go/src/go-ci-test/tests/ui-tests/Reports/UI-Tests/20180528_112834/execution0.log"/>
         <property name="attachments" value=""/>
         <property name="hostName" value="shashwatdalal - 69.172.201.153"/>
         <property name="os" value="Mac OS X 64bit"/>
         <property name="katalonVersion" value="5.4.1.1"/>
         <property name="browser" value="Chrome 66.0.3359.181"/>
         <property name="hostAddress" value="69.172.201.153"/>
         <property name="sessionId" value="5b2c1a43ca46e11adc15dd70d9fcd11f"/>
         <property name="seleniumVersion" value="3.7.1"/>
         <property name="proxyInformation" value="ProxyInformation{proxyOption=NO_PROXY, proxyServerType=HTTP, password=, proxyServerAddress=, proxyServerPort=0}"/>
         <property name="platform" value="Mac OS X"/>
      </properties>
      <testcase name="Test Cases/TescoTest" classname="Test Cases/TescoTest" status="PASSED">
         <system-out><![CDATA[2018-05-28 11:28:56 - [TEST_CASE][PASSED] - Test Cases/TescoTest: Test Cases/TescoTest

2018-05-28 11:28:57 - [TEST_STEP][PASSED] - openBrowser: Browser is opened with url: ''

2018-05-28 11:29:01 - [MESSAGE][PASSED] - Browser is opened with url: ''

2018-05-28 11:29:01 - [TEST_STEP][PASSED] - navigateToUrl: Navigate to 'https://www.tesco.com/' successfully

2018-05-28 11:29:04 - [MESSAGE][PASSED] - Navigate to 'https://www.tesco.com/' successfully

2018-05-28 11:29:04 - [TEST_STEP][PASSED] - click: Object: 'Object Repository/Page_Tesco - Online Groceries Homew/a_Groceries' is clicked on

2018-05-28 11:29:04 - [MESSAGE][PASSED] - Object: 'Object Repository/Page_Tesco - Online Groceries Homew/a_Groceries' is clicked on

2018-05-28 11:29:04 - [TEST_STEP][PASSED] - click: Object: 'Object Repository/Page_Tesco - Online Groceries Homew/span_Shop groceries' is clicked on

2018-05-28 11:29:07 - [MESSAGE][PASSED] - Object: 'Object Repository/Page_Tesco - Online Groceries Homew/span_Shop groceries' is clicked on

2018-05-28 11:29:07 - [TEST_STEP][PASSED] - click: Object: 'Object Repository/Page_Tesco Groceries  Online Food S/span_ShopFresh Fooddepartment' is clicked on

2018-05-28 11:29:08 - [MESSAGE][PASSED] - Object: 'Object Repository/Page_Tesco Groceries  Online Food S/span_ShopFresh Fooddepartment' is clicked on

2018-05-28 11:29:08 - [TEST_STEP][PASSED] - click: Object: 'Object Repository/Page_Tesco Groceries  Online Food S/span_ShopFresh Fruitaisle' is clicked on

2018-05-28 11:29:09 - [MESSAGE][PASSED] - Object: 'Object Repository/Page_Tesco Groceries  Online Food S/span_ShopFresh Fruitaisle' is clicked on

2018-05-28 11:29:09 - [TEST_STEP][PASSED] - click: Object: 'Object Repository/Page_Tesco Groceries  Online Food S/span_ShopBananasshelf' is clicked on

2018-05-28 11:29:09 - [MESSAGE][PASSED] - Object: 'Object Repository/Page_Tesco Groceries  Online Food S/span_ShopBananasshelf' is clicked on

2018-05-28 11:29:09 - [TEST_STEP][PASSED] - click: Object: 'Object Repository/Page_Bananas/label_Weight' is clicked on

2018-05-28 11:29:12 - [MESSAGE][PASSED] - Object: 'Object Repository/Page_Bananas/label_Weight' is clicked on

2018-05-28 11:29:12 - [TEST_STEP][PASSED] - click: Object: 'Object Repository/Page_Bananas/span_Add' is clicked on

2018-05-28 11:29:13 - [MESSAGE][PASSED] - Object: 'Object Repository/Page_Bananas/span_Add' is clicked on

2018-05-28 11:29:13 - [TEST_STEP][PASSED] - closeBrowser: Browser is closed

2018-05-28 11:29:13 - [MESSAGE][PASSED] - Browser is closed]]></system-out>
         <system-err><![CDATA[]]></system-err>
      </testcase>
      <system-out><![CDATA[2018-05-28 11:28:55 - [TEST_SUITE][PASSED] - UI-Tests: Test Cases/TescoTest]]></system-out>
      <system-err><![CDATA[]]></system-err>
   </testsuite>
</testsuites>
