<?xml version="1.0" encoding="UTF-8"?>
<testsuites name="SecondTest" time="28" tests="1" failures="0" errors="0">
   <testsuite name="SecondTest" tests="1" failures="0" errors="0" time="28" timestamp="2018-05-07 20:49:18" hostname="root - b8f036460a6b" id="Test Suites/SecondTest">
      <properties>
         <property name="deviceName" value=""/>
         <property name="devicePlatform" value=""/>
         <property name="logFolder" value="/katalon/katalon/project/Reports/SecondTest/20180507_204913"/>
         <property name="logFiles" value="/katalon/katalon/project/Reports/SecondTest/20180507_204913/execution0.log"/>
         <property name="attachments" value=""/>
         <property name="hostName" value="root - b8f036460a6b"/>
         <property name="os" value="Linux 64bit"/>
         <property name="katalonVersion" value="5.3.1.1"/>
         <property name="browser" value="Firefox 58.0"/>
         <property name="hostAddress" value="172.17.0.2"/>
         <property name="sessionId" value="b1840832-206e-49d2-839e-7a76a791fc95"/>
         <property name="seleniumVersion" value="3.7.1"/>
         <property name="proxyInformation" value="ProxyInformation{proxyOption=NO_PROXY, proxyServerType=HTTP, password=, proxyServerAddress=, proxyServerPort=0}"/>
         <property name="platform" value="Linux"/>
      </properties>
      <testcase name="Test Cases/tesco-test" classname="Test Cases/tesco-test" status="PASSED">
         <system-out><![CDATA[2018-05-07 20:49:19 - [TEST_CASE][PASSED] - Test Cases/tesco-test: Test Cases/tesco-test

2018-05-07 20:49:21 - [TEST_STEP][PASSED] - openBrowser: Browser is opened with url: ''

2018-05-07 20:49:30 - [MESSAGE][PASSED] - Browser is opened with url: ''

2018-05-07 20:49:30 - [TEST_STEP][PASSED] - navigateToUrl: Navigate to 'https://www.tesco.com/' successfully

2018-05-07 20:49:35 - [MESSAGE][PASSED] - Navigate to 'https://www.tesco.com/' successfully

2018-05-07 20:49:35 - [TEST_STEP][PASSED] - click: Object: 'Object Repository/Page_Tesco - Online Groceries Homew/a_Groceries' is clicked on

2018-05-07 20:49:35 - [MESSAGE][PASSED] - Object: 'Object Repository/Page_Tesco - Online Groceries Homew/a_Groceries' is clicked on

2018-05-07 20:49:35 - [TEST_STEP][PASSED] - click: Object: 'Object Repository/Page_Tesco - Online Groceries Homew/span_Shop groceries' is clicked on

2018-05-07 20:49:40 - [MESSAGE][PASSED] - Object: 'Object Repository/Page_Tesco - Online Groceries Homew/span_Shop groceries' is clicked on

2018-05-07 20:49:40 - [TEST_STEP][PASSED] - click: Object: 'Object Repository/Page_Tesco Groceries  Online Food S/span_ShopFresh Fooddepartment' is clicked on

2018-05-07 20:49:40 - [MESSAGE][PASSED] - Object: 'Object Repository/Page_Tesco Groceries  Online Food S/span_ShopFresh Fooddepartment' is clicked on

2018-05-07 20:49:40 - [TEST_STEP][PASSED] - click: Object: 'Object Repository/Page_Tesco Groceries  Online Food S/span_ShopFresh Fruitaisle' is clicked on

2018-05-07 20:49:41 - [MESSAGE][PASSED] - Object: 'Object Repository/Page_Tesco Groceries  Online Food S/span_ShopFresh Fruitaisle' is clicked on

2018-05-07 20:49:41 - [TEST_STEP][PASSED] - click: Object: 'Object Repository/Page_Tesco Groceries  Online Food S/span_ShopBananasshelf' is clicked on

2018-05-07 20:49:42 - [MESSAGE][PASSED] - Object: 'Object Repository/Page_Tesco Groceries  Online Food S/span_ShopBananasshelf' is clicked on

2018-05-07 20:49:42 - [TEST_STEP][PASSED] - click: Object: 'Object Repository/Page_Bananas/span_Add' is clicked on

2018-05-07 20:49:45 - [MESSAGE][PASSED] - Object: 'Object Repository/Page_Bananas/span_Add' is clicked on

2018-05-07 20:49:45 - [TEST_STEP][PASSED] - closeBrowser: Browser is closed

2018-05-07 20:49:46 - [MESSAGE][PASSED] - Browser is closed]]></system-out>
         <system-err><![CDATA[]]></system-err>
      </testcase>
      <system-out><![CDATA[2018-05-07 20:49:18 - [TEST_SUITE][PASSED] - SecondTest: Test Cases/tesco-test]]></system-out>
      <system-err><![CDATA[]]></system-err>
   </testsuite>
</testsuites>
