<?xml version="1.0" encoding="UTF-8"?>
<testsuites name="SecondTest" time="14" tests="1" failures="0" errors="0">
   <testsuite name="SecondTest" tests="1" failures="0" errors="0" time="14" timestamp="2018-05-05 15:11:10" hostname="shashwatdalal - 69.172.201.153" id="Test Suites/SecondTest">
      <properties>
         <property name="deviceName" value=""/>
         <property name="devicePlatform" value=""/>
         <property name="logFolder" value="/Users/shashwatdalal/Documents/go/src/go-ci-test/tests/integration-tests/Reports/SecondTest/20180505_151104"/>
         <property name="logFiles" value="/Users/shashwatdalal/Documents/go/src/go-ci-test/tests/integration-tests/Reports/SecondTest/20180505_151104/execution0.log"/>
         <property name="attachments" value=""/>
         <property name="hostName" value="shashwatdalal - 69.172.201.153"/>
         <property name="os" value="Mac OS X 64bit"/>
         <property name="katalonVersion" value="5.4.1.1"/>
         <property name="browser" value="Chrome 66.0.3359.139"/>
         <property name="hostAddress" value="69.172.201.153"/>
         <property name="sessionId" value="98af0ce65c5baaf5c3119d63e15dbb76"/>
         <property name="seleniumVersion" value="3.7.1"/>
         <property name="proxyInformation" value="ProxyInformation{proxyOption=NO_PROXY, proxyServerType=HTTP, password=, proxyServerAddress=, proxyServerPort=0}"/>
         <property name="platform" value="Mac OS X"/>
      </properties>
      <testcase name="Test Cases/Tesco-Test" classname="Test Cases/Tesco-Test" status="PASSED">
         <system-out><![CDATA[2018-05-05 15:11:10 - [TEST_CASE][PASSED] - Test Cases/Tesco-Test: Test Cases/Tesco-Test

2018-05-05 15:11:11 - [TEST_STEP][PASSED] - openBrowser: Browser is opened with url: ''

2018-05-05 15:11:13 - [MESSAGE][PASSED] - Browser is opened with url: ''

2018-05-05 15:11:13 - [TEST_STEP][PASSED] - navigateToUrl: Navigate to 'https://www.tesco.com/' successfully

2018-05-05 15:11:16 - [MESSAGE][PASSED] - Navigate to 'https://www.tesco.com/' successfully

2018-05-05 15:11:16 - [TEST_STEP][PASSED] - click: Object: 'Object Repository/Page_Tesco - Online Groceries Homew/a_Groceries' is clicked on

2018-05-05 15:11:17 - [MESSAGE][PASSED] - Object: 'Object Repository/Page_Tesco - Online Groceries Homew/a_Groceries' is clicked on

2018-05-05 15:11:17 - [TEST_STEP][PASSED] - click: Object: 'Object Repository/Page_Tesco - Online Groceries Homew/span_Shop groceries' is clicked on

2018-05-05 15:11:21 - [MESSAGE][PASSED] - Object: 'Object Repository/Page_Tesco - Online Groceries Homew/span_Shop groceries' is clicked on

2018-05-05 15:11:21 - [TEST_STEP][PASSED] - setText: Text 'milk' is set on object 'Object Repository/Page_Tesco Groceries  Online Food S/input_query'

2018-05-05 15:11:22 - [MESSAGE][PASSED] - Text 'milk' is set on object 'Object Repository/Page_Tesco Groceries  Online Food S/input_query'

2018-05-05 15:11:22 - [TEST_STEP][PASSED] - click: Object: 'Object Repository/Page_Tesco Groceries  Online Food S/button_Search' is clicked on

2018-05-05 15:11:22 - [MESSAGE][PASSED] - Object: 'Object Repository/Page_Tesco Groceries  Online Food S/button_Search' is clicked on

2018-05-05 15:11:22 - [TEST_STEP][PASSED] - click: Object: 'Object Repository/Page_Results for milk/span_Add' is clicked on

2018-05-05 15:11:24 - [MESSAGE][PASSED] - Object: 'Object Repository/Page_Results for milk/span_Add' is clicked on

2018-05-05 15:11:24 - [TEST_STEP][PASSED] - closeBrowser: Browser is closed

2018-05-05 15:11:25 - [MESSAGE][PASSED] - Browser is closed]]></system-out>
         <system-err><![CDATA[]]></system-err>
      </testcase>
      <system-out><![CDATA[2018-05-05 15:11:10 - [TEST_SUITE][PASSED] - SecondTest: Test Cases/Tesco-Test]]></system-out>
      <system-err><![CDATA[]]></system-err>
   </testsuite>
</testsuites>
